0 info it worked if it ends with ok
1 verbose cli [ '/usr/bin/node',
1 verbose cli   '/usr/bin/npm',
1 verbose cli   'install',
1 verbose cli   'cordova-plugin-ionic-webview@^1.1.11',
1 verbose cli   '--production',
1 verbose cli   '--no-save' ]
2 info using npm@3.5.2
3 info using node@v8.10.0
4 silly loadCurrentTree Starting
5 silly install loadCurrentTree
6 silly install readLocalPackageData
7 silly rollbackFailedOptional Starting
8 silly rollbackFailedOptional Finishing
9 silly runTopLevelLifecycles Starting
10 silly runTopLevelLifecycles Finishing
11 silly install printInstalled
12 verbose stack Error: ENOENT: no such file or directory, stat '/var/www/html/projeto-integrador-mobile/jogaJunto/node_modules/cordova-plugin-app-preferences'
13 verbose cwd /var/www/html/projeto-integrador-mobile/jogaJunto
14 error Linux 4.15.0-20-generic
15 error argv "/usr/bin/node" "/usr/bin/npm" "install" "cordova-plugin-ionic-webview@^1.1.11" "--production" "--no-save"
16 error node v8.10.0
17 error npm  v3.5.2
18 error path /var/www/html/projeto-integrador-mobile/jogaJunto/node_modules/cordova-plugin-app-preferences
19 error code ENOENT
20 error errno -2
21 error syscall stat
22 error enoent ENOENT: no such file or directory, stat '/var/www/html/projeto-integrador-mobile/jogaJunto/node_modules/cordova-plugin-app-preferences'
23 error enoent ENOENT: no such file or directory, stat '/var/www/html/projeto-integrador-mobile/jogaJunto/node_modules/cordova-plugin-app-preferences'
23 error enoent This is most likely not a problem with npm itself
23 error enoent and is related to npm not being able to find a file.
24 verbose exit [ -2, true ]
